08-Jun-2025 00:43:35.246 INFO [main] org.apache.catalina.startup.VersionLoggerListener.log Nombre de la versión del servidor: Apache Tomcat/9.0.104
08-Jun-2025 00:43:35.253 INFO [main] org.apache.catalina.startup.VersionLoggerListener.log Server built:                      Apr 4 2025 12:32:55 UTC
08-Jun-2025 00:43:35.253 INFO [main] org.apache.catalina.startup.VersionLoggerListener.log Número de versión de servidor:     9.0.104.0
08-Jun-2025 00:43:35.254 INFO [main] org.apache.catalina.startup.VersionLoggerListener.log OS Name:                           Windows 10
08-Jun-2025 00:43:35.254 INFO [main] org.apache.catalina.startup.VersionLoggerListener.log Versión de Systema Operativo:      10.0
08-Jun-2025 00:43:35.254 INFO [main] org.apache.catalina.startup.VersionLoggerListener.log Arquitectura:                      amd64
08-Jun-2025 00:43:35.254 INFO [main] org.apache.catalina.startup.VersionLoggerListener.log Java Home:                         C:\Program Files\Java\jdk-17
08-Jun-2025 00:43:35.254 INFO [main] org.apache.catalina.startup.VersionLoggerListener.log JVM Version:                       17.0.12+8-LTS-286
08-Jun-2025 00:43:35.254 INFO [main] org.apache.catalina.startup.VersionLoggerListener.log Vededor JVM:                       Oracle Corporation
08-Jun-2025 00:43:35.254 INFO [main] org.apache.catalina.startup.VersionLoggerListener.log CATALINA_BASE:                     C:\Users\Alexs\Documents\GitHub\NetflixLibreria
08-Jun-2025 00:43:35.254 INFO [main] org.apache.catalina.startup.VersionLoggerListener.log CATALINA_HOME:                     C:\Users\Alexs\Downloads\INSTALADORES\apache-tomcat-9.0.104
08-Jun-2025 00:43:35.266 INFO [main] org.apache.catalina.startup.VersionLoggerListener.log Command line argument:             --add-opens=java.base/java.lang=ALL-UNNAMED
08-Jun-2025 00:43:35.267 INFO [main] org.apache.catalina.startup.VersionLoggerListener.log Command line argument:             --add-opens=java.base/java.io=ALL-UNNAMED
08-Jun-2025 00:43:35.267 INFO [main] org.apache.catalina.startup.VersionLoggerListener.log Command line argument:             --add-opens=java.base/java.util=ALL-UNNAMED
08-Jun-2025 00:43:35.267 INFO [main] org.apache.catalina.startup.VersionLoggerListener.log Command line argument:             --add-opens=java.base/java.util.concurrent=ALL-UNNAMED
08-Jun-2025 00:43:35.267 INFO [main] org.apache.catalina.startup.VersionLoggerListener.log Command line argument:             --add-opens=java.rmi/sun.rmi.transport=ALL-UNNAMED
08-Jun-2025 00:43:35.267 INFO [main] org.apache.catalina.startup.VersionLoggerListener.log Command line argument:             -Dcatalina.home=C:\Users\Alexs\Downloads\INSTALADORES\apache-tomcat-9.0.104
08-Jun-2025 00:43:35.267 INFO [main] org.apache.catalina.startup.VersionLoggerListener.log Command line argument:             -Dcatalina.base=C:\Users\Alexs\Documents\GitHub\NetflixLibreria
08-Jun-2025 00:43:35.267 INFO [main] org.apache.catalina.startup.VersionLoggerListener.log Command line argument:             -Djava.io.tmpdir=C:\Users\Alexs\Documents\GitHub\NetflixLibreria\temp
08-Jun-2025 00:43:35.268 INFO [main] org.apache.catalina.startup.VersionLoggerListener.log Command line argument:             -Djava.util.logging.config.file=C:\Users\Alexs\Documents\GitHub\NetflixLibreria\conf\logging.properties
08-Jun-2025 00:43:35.268 INFO [main] org.apache.catalina.startup.VersionLoggerListener.log Command line argument:             -Djava.util.logging.manager=org.apache.juli.ClassLoaderLogManager
08-Jun-2025 00:43:35.268 INFO [main] org.apache.catalina.startup.VersionLoggerListener.log Command line argument:             -javaagent:C:\Program Files\JetBrains\IntelliJ IDEA 2024.3.1.1\lib\idea_rt.jar=58726
08-Jun-2025 00:43:35.268 INFO [main] org.apache.catalina.startup.VersionLoggerListener.log Command line argument:             -Dfile.encoding=UTF-8
08-Jun-2025 00:43:35.278 INFO [main] org.apache.catalina.core.AprLifecycleListener.lifecycleEvent Cargada la biblioteca nativa APR de Apache Tomcat [1.3.1] con la versión APR [1.7.4].
08-Jun-2025 00:43:35.278 INFO [main] org.apache.catalina.core.AprLifecycleListener.lifecycleEvent Capacidades APR: IPv6 [true], enviar fichero [true], aceptar filtros [false], aleatorio [true], UDS [true].
08-Jun-2025 00:43:35.278 INFO [main] org.apache.catalina.core.AprLifecycleListener.lifecycleEvent APR/OpenSSL configuration: useAprConnector [false], useOpenSSL [true]
08-Jun-2025 00:43:35.306 INFO [main] org.apache.catalina.core.AprLifecycleListener.initializeSSL OpenSSL inicializado correctamente [OpenSSL 3.0.14 4 Jun 2024]
08-Jun-2025 00:43:35.642 INFO [main] org.apache.coyote.AbstractProtocol.init Inicializando el manejador de protocolo ["http-nio-8080"]

08-Jun-2025 00:43:35.663 INFO [main] org.apache.catalina.startup.Catalina.load Server initialization in [815] milliseconds
08-Jun-2025 00:43:35.730 INFO [main] org.apache.catalina.core.StandardService.startInternal Arrancando servicio [Catalina]
08-Jun-2025 00:43:35.730 INFO [main] org.apache.catalina.core.StandardEngine.startInternal Starting Servlet engine: [Apache Tomcat/9.0.104]
08-Jun-2025 00:43:35.744 INFO [main] org.apache.catalina.startup.HostConfig.deployDescriptor Desplieque del descriptor de configuración [C:\Users\Alexs\Documents\GitHub\NetflixLibreria\conf\Catalina\localhost\NetflixLibreria.xml]
08-Jun-2025 00:43:36.711 INFO [main] org.apache.jasper.servlet.TldScanner.scanJars Al menos un JAR, que se ha explorado buscando TLDs, aún no contenía TLDs. Activar historial de depuración para este historiador para una completa lista de los JARs que fueron explorados y de los que nos se halló TLDs. Saltarse JARs no necesarios durante la exploración puede dar lugar a una mejora de tiempo significativa en el arranque y compilación de JSP .
08-Jun-2025 00:43:36.848 INFO [main] org.apache.catalina.startup.HostConfig.deployDescriptor Deployment of deployment descriptor [C:\Users\Alexs\Documents\GitHub\NetflixLibreria\conf\Catalina\localhost\NetflixLibreria.xml] has finished in [1.101] ms
08-Jun-2025 00:43:36.852 INFO [main] org.apache.coyote.AbstractProtocol.start Starting ProtocolHandler ["http-nio-8080"]
08-Jun-2025 00:43:36.897 INFO [main] org.apache.catalina.startup.Catalina.start Server startup in [1232] milliseconds
08-Jun-2025 00:44:23.079 INFO [Thread-1] org.apache.coyote.AbstractProtocol.pause Pausing ProtocolHandler ["http-nio-8080"]
08-Jun-2025 00:44:23.284 INFO [Thread-1] org.apache.catalina.core.StandardService.stopInternal Parando servicio [Catalina]
08-Jun-2025 00:44:23.309 INFO [Thread-1] org.apache.coyote.AbstractProtocol.stop Stopping ProtocolHandler ["http-nio-8080"]
08-Jun-2025 00:44:23.326 INFO [Thread-1] org.apache.coyote.AbstractProtocol.destroy Destroying ProtocolHandler ["http-nio-8080"]
